2022-12-20 16:21:29.541 [INFO] [restartedMain] [55] Starting SpringbootOrderApplication using Java 17.0.5 on cengyunrudeMacBook-Air.local with PID 12790 (/Users/carol/git/spring_order/springboot-order/target/classes started by carol in /Users/carol/git/spring_order/springboot-order)
2022-12-20 16:21:29.561 [INFO] [restartedMain] [631] No active profile set, falling back to 1 default profile: "default"
2022-12-20 16:21:29.672 [INFO] [restartedMain] [255] Devtools property defaults active! Set 'spring.devtools.add-properties' to 'false' to disable
2022-12-20 16:21:29.674 [INFO] [restartedMain] [255] For additional web related logging consider setting the 'logging.level.web' property to 'DEBUG'
2022-12-20 16:21:30.440 [INFO] [restartedMain] [132] Bootstrapping Spring Data JPA repositories in DEFAULT mode.
2022-12-20 16:21:30.461 [INFO] [restartedMain] [201] Finished Spring Data repository scanning in 8 ms. Found 0 JPA repository interfaces.
2022-12-20 16:21:31.145 [INFO] [restartedMain] [108] Tomcat initialized with port(s): 8080 (http)
2022-12-20 16:21:31.157 [INFO] [restartedMain] [173] Starting service [Tomcat]
2022-12-20 16:21:31.158 [INFO] [restartedMain] [173] Starting Servlet engine: [Apache Tomcat/9.0.69]
2022-12-20 16:21:31.235 [INFO] [restartedMain] [173] Initializing Spring embedded WebApplicationContext
2022-12-20 16:21:31.235 [INFO] [restartedMain] [292] Root WebApplicationContext: initialization completed in 1559 ms
2022-12-20 16:21:31.438 [INFO] [restartedMain] [110] HikariPool-1 - Starting...
2022-12-20 16:21:31.932 [INFO] [restartedMain] [123] HikariPool-1 - Start completed.
2022-12-20 16:21:31.986 [INFO] [restartedMain] [31] HHH000204: Processing PersistenceUnitInfo [name: default]
2022-12-20 16:21:32.063 [INFO] [restartedMain] [44] HHH000412: Hibernate ORM core version 5.6.14.Final
2022-12-20 16:21:32.413 [INFO] [restartedMain] [56] HCANN000001: Hibernate Commons Annotations {5.1.2.Final}
2022-12-20 16:21:32.587 [INFO] [restartedMain] [175] HHH000400: Using dialect: org.hibernate.dialect.MySQLDialect
2022-12-20 16:21:32.792 [INFO] [restartedMain] [52] HHH000490: Using JtaPlatform implementation: [org.hibernate.engine.transaction.jta.platform.internal.NoJtaPlatform]
2022-12-20 16:21:32.804 [INFO] [restartedMain] [437] Initialized JPA EntityManagerFactory for persistence unit 'default'
2022-12-20 16:21:32.816 [WARN] [restartedMain] [591] Exception encountered during context initialization - cancelling refresh attempt: org.springframework.beans.factory.UnsatisfiedDependencyException: Error creating bean with name 'orderController': Unsatisfied dependency expressed through method 'order' parameter 0; nested exception is org.springframework.beans.factory.NoSuchBeanDefinitionException: No qualifying bean of type 'org.hibernate.criterion.Order' available: expected at least 1 bean which qualifies as autowire candidate. Dependency annotations: {@org.springframework.web.bind.annotation.RequestBody(required=true)}
2022-12-20 16:21:32.817 [INFO] [restartedMain] [651] Closing JPA EntityManagerFactory for persistence unit 'default'
2022-12-20 16:21:32.824 [INFO] [restartedMain] [350] HikariPool-1 - Shutdown initiated...
2022-12-20 16:21:32.835 [INFO] [restartedMain] [352] HikariPool-1 - Shutdown completed.
2022-12-20 16:21:32.838 [INFO] [restartedMain] [173] Stopping service [Tomcat]
2022-12-20 16:21:32.858 [INFO] [restartedMain] [136] 

Error starting ApplicationContext. To display the conditions report re-run your application with 'debug' enabled.
2022-12-20 16:21:32.907 [ERROR] [restartedMain] [40] 

***************************
APPLICATION FAILED TO START
***************************

Description:

Parameter 0 of method order in com.example.springbootorder.order.OrderController required a bean of type 'org.hibernate.criterion.Order' that could not be found.

The injection point has the following annotations:
	- @org.springframework.web.bind.annotation.RequestBody(required=true)


Action:

Consider defining a bean of type 'org.hibernate.criterion.Order' in your configuration.

2022-12-20 16:27:08.511 [INFO] [restartedMain] [55] Starting SpringbootOrderApplication using Java 17.0.5 on cengyunrudeMacBook-Air.local with PID 12819 (/Users/carol/git/spring_order/springboot-order/target/classes started by carol in /Users/carol/git/spring_order/springboot-order)
2022-12-20 16:27:08.514 [INFO] [restartedMain] [631] No active profile set, falling back to 1 default profile: "default"
2022-12-20 16:27:08.593 [INFO] [restartedMain] [255] Devtools property defaults active! Set 'spring.devtools.add-properties' to 'false' to disable
2022-12-20 16:27:08.594 [INFO] [restartedMain] [255] For additional web related logging consider setting the 'logging.level.web' property to 'DEBUG'
2022-12-20 16:27:09.254 [INFO] [restartedMain] [132] Bootstrapping Spring Data JPA repositories in DEFAULT mode.
2022-12-20 16:27:09.272 [INFO] [restartedMain] [201] Finished Spring Data repository scanning in 5 ms. Found 0 JPA repository interfaces.
2022-12-20 16:27:09.906 [INFO] [restartedMain] [108] Tomcat initialized with port(s): 8080 (http)
2022-12-20 16:27:09.918 [INFO] [restartedMain] [173] Starting service [Tomcat]
2022-12-20 16:27:09.919 [INFO] [restartedMain] [173] Starting Servlet engine: [Apache Tomcat/9.0.69]
2022-12-20 16:27:10.000 [INFO] [restartedMain] [173] Initializing Spring embedded WebApplicationContext
2022-12-20 16:27:10.001 [INFO] [restartedMain] [292] Root WebApplicationContext: initialization completed in 1406 ms
2022-12-20 16:27:10.193 [INFO] [restartedMain] [110] HikariPool-1 - Starting...
2022-12-20 16:27:10.608 [INFO] [restartedMain] [123] HikariPool-1 - Start completed.
2022-12-20 16:27:10.660 [INFO] [restartedMain] [31] HHH000204: Processing PersistenceUnitInfo [name: default]
2022-12-20 16:27:10.739 [INFO] [restartedMain] [44] HHH000412: Hibernate ORM core version 5.6.14.Final
2022-12-20 16:27:10.947 [INFO] [restartedMain] [56] HCANN000001: Hibernate Commons Annotations {5.1.2.Final}
2022-12-20 16:27:11.088 [INFO] [restartedMain] [175] HHH000400: Using dialect: org.hibernate.dialect.MySQLDialect
2022-12-20 16:27:11.283 [INFO] [restartedMain] [52] HHH000490: Using JtaPlatform implementation: [org.hibernate.engine.transaction.jta.platform.internal.NoJtaPlatform]
2022-12-20 16:27:11.293 [INFO] [restartedMain] [437] Initialized JPA EntityManagerFactory for persistence unit 'default'
2022-12-20 16:27:11.343 [WARN] [restartedMain] [219] spring.jpa.open-in-view is enabled by default. Therefore, database queries may be performed during view rendering. Explicitly configure spring.jpa.open-in-view to disable this warning
2022-12-20 16:27:11.708 [WARN] [restartedMain] [62] Unable to start LiveReload server
2022-12-20 16:27:11.737 [WARN] [restartedMain] [591] Exception encountered during context initialization - cancelling refresh attempt: org.springframework.context.ApplicationContextException: Failed to start bean 'webServerStartStop'; nested exception is org.springframework.boot.web.server.PortInUseException: Port 8080 is already in use
2022-12-20 16:27:11.741 [INFO] [restartedMain] [651] Closing JPA EntityManagerFactory for persistence unit 'default'
2022-12-20 16:27:11.746 [INFO] [restartedMain] [350] HikariPool-1 - Shutdown initiated...
2022-12-20 16:27:11.753 [INFO] [restartedMain] [352] HikariPool-1 - Shutdown completed.
2022-12-20 16:27:11.755 [INFO] [restartedMain] [173] Stopping service [Tomcat]
2022-12-20 16:27:11.772 [INFO] [restartedMain] [136] 

Error starting ApplicationContext. To display the conditions report re-run your application with 'debug' enabled.
2022-12-20 16:27:11.797 [ERROR] [restartedMain] [40] 

***************************
APPLICATION FAILED TO START
***************************

Description:

Web server failed to start. Port 8080 was already in use.

Action:

Identify and stop the process that's listening on port 8080 or configure this application to listen on another port.

2022-12-20 16:27:43.083 [INFO] [restartedMain] [55] Starting SpringbootOrderApplication using Java 17.0.5 on cengyunrudeMacBook-Air.local with PID 12823 (/Users/carol/git/spring_order/springboot-order/target/classes started by carol in /Users/carol/git/spring_order/springboot-order)
2022-12-20 16:27:43.085 [INFO] [restartedMain] [631] No active profile set, falling back to 1 default profile: "default"
2022-12-20 16:27:43.158 [INFO] [restartedMain] [255] Devtools property defaults active! Set 'spring.devtools.add-properties' to 'false' to disable
2022-12-20 16:27:43.159 [INFO] [restartedMain] [255] For additional web related logging consider setting the 'logging.level.web' property to 'DEBUG'
2022-12-20 16:27:43.805 [INFO] [restartedMain] [132] Bootstrapping Spring Data JPA repositories in DEFAULT mode.
2022-12-20 16:27:43.827 [INFO] [restartedMain] [201] Finished Spring Data repository scanning in 7 ms. Found 0 JPA repository interfaces.
2022-12-20 16:27:44.386 [INFO] [restartedMain] [108] Tomcat initialized with port(s): 8080 (http)
2022-12-20 16:27:44.400 [INFO] [restartedMain] [173] Starting service [Tomcat]
2022-12-20 16:27:44.400 [INFO] [restartedMain] [173] Starting Servlet engine: [Apache Tomcat/9.0.69]
2022-12-20 16:27:44.495 [INFO] [restartedMain] [173] Initializing Spring embedded WebApplicationContext
2022-12-20 16:27:44.495 [INFO] [restartedMain] [292] Root WebApplicationContext: initialization completed in 1333 ms
2022-12-20 16:27:44.681 [INFO] [restartedMain] [110] HikariPool-1 - Starting...
2022-12-20 16:27:45.054 [INFO] [restartedMain] [123] HikariPool-1 - Start completed.
2022-12-20 16:27:45.100 [INFO] [restartedMain] [31] HHH000204: Processing PersistenceUnitInfo [name: default]
2022-12-20 16:27:45.150 [INFO] [restartedMain] [44] HHH000412: Hibernate ORM core version 5.6.14.Final
2022-12-20 16:27:45.340 [INFO] [restartedMain] [56] HCANN000001: Hibernate Commons Annotations {5.1.2.Final}
2022-12-20 16:27:45.493 [INFO] [restartedMain] [175] HHH000400: Using dialect: org.hibernate.dialect.MySQLDialect
2022-12-20 16:27:45.668 [INFO] [restartedMain] [52] HHH000490: Using JtaPlatform implementation: [org.hibernate.engine.transaction.jta.platform.internal.NoJtaPlatform]
2022-12-20 16:27:45.679 [INFO] [restartedMain] [437] Initialized JPA EntityManagerFactory for persistence unit 'default'
2022-12-20 16:27:45.731 [WARN] [restartedMain] [219] spring.jpa.open-in-view is enabled by default. Therefore, database queries may be performed during view rendering. Explicitly configure spring.jpa.open-in-view to disable this warning
2022-12-20 16:27:46.077 [INFO] [restartedMain] [59] LiveReload server is running on port 35729
2022-12-20 16:27:46.126 [INFO] [restartedMain] [220] Tomcat started on port(s): 8080 (http) with context path '/springboot-order'
2022-12-20 16:27:46.139 [INFO] [restartedMain] [61] Started SpringbootOrderApplication in 3.524 seconds (JVM running for 4.907)
2022-12-20 16:29:03.689 [INFO] [http-nio-8080-exec-2] [173] Initializing Spring DispatcherServlet 'dispatcherServlet'
2022-12-20 16:29:03.691 [INFO] [http-nio-8080-exec-2] [525] Initializing Servlet 'dispatcherServlet'
2022-12-20 16:29:03.699 [INFO] [http-nio-8080-exec-2] [547] Completed initialization in 7 ms
2022-12-20 16:36:46.860 [INFO] [RMI TCP Connection(13)-127.0.0.1] [159] Application shutdown requested.
2022-12-20 16:36:46.873 [INFO] [RMI TCP Connection(13)-127.0.0.1] [173] Stopping service [Tomcat]
2022-12-20 16:36:46.876 [INFO] [RMI TCP Connection(13)-127.0.0.1] [173] Destroying Spring FrameworkServlet 'dispatcherServlet'
2022-12-20 16:36:46.892 [INFO] [RMI TCP Connection(13)-127.0.0.1] [651] Closing JPA EntityManagerFactory for persistence unit 'default'
2022-12-20 16:36:46.900 [INFO] [RMI TCP Connection(13)-127.0.0.1] [350] HikariPool-1 - Shutdown initiated...
2022-12-20 16:36:46.909 [INFO] [RMI TCP Connection(13)-127.0.0.1] [352] HikariPool-1 - Shutdown completed.
2022-12-20 16:36:49.295 [INFO] [restartedMain] [55] Starting SpringbootOrderApplication using Java 17.0.5 on cengyunrudeMacBook-Air.local with PID 12890 (/Users/carol/git/spring_order/springboot-order/target/classes started by carol in /Users/carol/git/spring_order/springboot-order)
2022-12-20 16:36:49.297 [INFO] [restartedMain] [631] No active profile set, falling back to 1 default profile: "default"
2022-12-20 16:36:49.368 [INFO] [restartedMain] [255] Devtools property defaults active! Set 'spring.devtools.add-properties' to 'false' to disable
2022-12-20 16:36:49.371 [INFO] [restartedMain] [255] For additional web related logging consider setting the 'logging.level.web' property to 'DEBUG'
2022-12-20 16:36:50.002 [INFO] [restartedMain] [132] Bootstrapping Spring Data JPA repositories in DEFAULT mode.
2022-12-20 16:36:50.028 [INFO] [restartedMain] [201] Finished Spring Data repository scanning in 11 ms. Found 0 JPA repository interfaces.
2022-12-20 16:36:50.624 [INFO] [restartedMain] [108] Tomcat initialized with port(s): 8080 (http)
2022-12-20 16:36:50.635 [INFO] [restartedMain] [173] Starting service [Tomcat]
2022-12-20 16:36:50.636 [INFO] [restartedMain] [173] Starting Servlet engine: [Apache Tomcat/9.0.69]
2022-12-20 16:36:50.732 [INFO] [restartedMain] [173] Initializing Spring embedded WebApplicationContext
2022-12-20 16:36:50.733 [INFO] [restartedMain] [292] Root WebApplicationContext: initialization completed in 1360 ms
2022-12-20 16:36:50.934 [INFO] [restartedMain] [110] HikariPool-1 - Starting...
2022-12-20 16:36:51.339 [INFO] [restartedMain] [123] HikariPool-1 - Start completed.
2022-12-20 16:36:51.384 [INFO] [restartedMain] [31] HHH000204: Processing PersistenceUnitInfo [name: default]
2022-12-20 16:36:51.442 [INFO] [restartedMain] [44] HHH000412: Hibernate ORM core version 5.6.14.Final
2022-12-20 16:36:51.655 [INFO] [restartedMain] [56] HCANN000001: Hibernate Commons Annotations {5.1.2.Final}
2022-12-20 16:36:51.783 [INFO] [restartedMain] [175] HHH000400: Using dialect: org.hibernate.dialect.MySQLDialect
2022-12-20 16:36:51.952 [INFO] [restartedMain] [52] HHH000490: Using JtaPlatform implementation: [org.hibernate.engine.transaction.jta.platform.internal.NoJtaPlatform]
2022-12-20 16:36:51.963 [INFO] [restartedMain] [437] Initialized JPA EntityManagerFactory for persistence unit 'default'
2022-12-20 16:36:52.009 [WARN] [restartedMain] [219] spring.jpa.open-in-view is enabled by default. Therefore, database queries may be performed during view rendering. Explicitly configure spring.jpa.open-in-view to disable this warning
2022-12-20 16:36:52.188 [INFO] [restartedMain] [53] Adding welcome page: class path resource [static/index.html]
2022-12-20 16:36:52.368 [INFO] [restartedMain] [59] LiveReload server is running on port 35729
2022-12-20 16:36:52.408 [INFO] [restartedMain] [220] Tomcat started on port(s): 8080 (http) with context path '/springboot-order'
2022-12-20 16:36:52.419 [INFO] [restartedMain] [61] Started SpringbootOrderApplication in 3.541 seconds (JVM running for 4.497)
2022-12-20 16:37:08.857 [INFO] [http-nio-8080-exec-1] [173] Initializing Spring DispatcherServlet 'dispatcherServlet'
2022-12-20 16:37:08.858 [INFO] [http-nio-8080-exec-1] [525] Initializing Servlet 'dispatcherServlet'
2022-12-20 16:37:08.860 [INFO] [http-nio-8080-exec-1] [547] Completed initialization in 2 ms
2022-12-20 20:56:59.503 [WARN] [HikariPool-1 housekeeper] [788] HikariPool-1 - Thread starvation or clock leap detected (housekeeper delta=2h48m7s206ms).
2022-12-20 21:02:11.370 [WARN] [HikariPool-1 housekeeper] [788] HikariPool-1 - Thread starvation or clock leap detected (housekeeper delta=3m41s281ms).
